<?xml version="1.0" encoding="UTF-8"?>
<!-- Generated by org.testng.reporters.JUnitXMLReporter -->
<testsuite hostname="jtl-ds-ycy" name="test1" tests="18" failures="1" timestamp="19 Oct 2016 00:59:13 GMT" time="11.892" errors="0">
  <testcase name="searchTest" time="0.297" classname="com.test.first_maven.test.BaiduTest">
    <skipped/>
  </testcase> <!-- searchTest -->
  <testcase name="searchTest" time="0.125" classname="com.test.first_maven.test.BaiduTest"/>
  <testcase name="searchTest" time="0.415" classname="com.test.first_maven.test.BaiduTest2">
    <skipped/>
  </testcase> <!-- searchTest -->
  <testcase name="searchTest" time="0.713" classname="com.test.first_maven.test.BaiduTest2">
    <skipped/>
  </testcase> <!-- searchTest -->
  <testcase name="searchTest" time="0.13" classname="com.test.first_maven.test.BaiduTest2">
    <skipped/>
  </testcase> <!-- searchTest -->
  <testcase name="searchTest" time="0.127" classname="com.test.first_maven.test.BaiduTest2">
    <skipped/>
  </testcase> <!-- searchTest -->
  <testcase name="searchTest" time="0.124" classname="com.test.first_maven.test.BaiduTest2"/>
  <testcase name="searchTest2" time="0.249" classname="com.test.first_maven.test.BaiduTest2">
    <skipped/>
  </testcase> <!-- searchTest2 -->
  <testcase name="searchTest2" time="0.14" classname="com.test.first_maven.test.BaiduTest2">
    <skipped/>
  </testcase> <!-- searchTest2 -->
  <testcase name="searchTest2" time="0.259" classname="com.test.first_maven.test.BaiduTest2">
    <skipped/>
  </testcase> <!-- searchTest2 -->
  <testcase name="searchTest2" time="0.163" classname="com.test.first_maven.test.BaiduTest2">
    <skipped/>
  </testcase> <!-- searchTest2 -->
  <testcase name="searchTest2" time="0.137" classname="com.test.first_maven.test.BaiduTest2">
    <skipped/>
  </testcase> <!-- searchTest2 -->
  <testcase name="searchTest2" time="0.124" classname="com.test.first_maven.test.BaiduTest2">
    <skipped/>
  </testcase> <!-- searchTest2 -->
  <testcase name="searchTest2" time="0.17" classname="com.test.first_maven.test.BaiduTest2">
    <skipped/>
  </testcase> <!-- searchTest2 -->
  <testcase name="searchTest2" time="0.125" classname="com.test.first_maven.test.BaiduTest2">
    <skipped/>
  </testcase> <!-- searchTest2 -->
  <testcase name="searchTest2" time="0.189" classname="com.test.first_maven.test.BaiduTest2">
    <skipped/>
  </testcase> <!-- searchTest2 -->
  <testcase name="searchTest2" time="0.14" classname="com.test.first_maven.test.BaiduTest2">
    <skipped/>
  </testcase> <!-- searchTest2 -->
  <testcase name="searchTest2" time="0.176" classname="com.test.first_maven.test.BaiduTest2">
    <failure type="java.lang.AssertionError" message="expected [ssssssss] but found [eeeeeeeee]">
      <![CDATA[java.lang.AssertionError: expected [ssssssss] but found [eeeeeeeee]
	at com.test.first_maven.page.ResultPage.checkKeyword(ResultPage.java:30)
	at com.test.first_maven.test.BaiduTest2.searchTest2(BaiduTest2.java:42)
	at java.util.concurrent.ThreadPoolExecutor.runWorker(Unknown Source)
	at java.util.concurrent.ThreadPoolExecutor$Worker.run(Unknown Source)
	at java.lang.Thread.run(Unknown Source)
... Removed 16 stack frames]]>
    </failure>
  </testcase> <!-- searchTest2 -->
</testsuite> <!-- test1 -->
