<?xml version="1.0" encoding="UTF-8"?>
<testng-results skipped="0" failed="1" total="3" passed="2">
  <reporter-output>
  </reporter-output>
  <suite name="Suite1" duration-ms="11892" started-at="2016-10-19T00:59:01Z" finished-at="2016-10-19T00:59:13Z">
    <groups>
    </groups>
    <test name="test1" duration-ms="11892" started-at="2016-10-19T00:59:01Z" finished-at="2016-10-19T00:59:13Z">
      <class name="com.test.first_maven.test.BaiduTest2">
        <test-method status="PASS" signature="searchTest()[pri:0, instance:com.test.first_maven.test.BaiduTest2@2d52216b]" name="searchTest" duration-ms="124" started-at="2016-10-19T08:59:09Z" finished-at="2016-10-19T08:59:09Z">
          <reporter-output>
          </reporter-output>
        </test-method> <!-- searchTest -->
        <test-method status="FAIL" signature="searchTest2()[pri:0, instance:com.test.first_maven.test.BaiduTest2@2d52216b]" name="searchTest2" duration-ms="176" started-at="2016-10-19T08:59:11Z" finished-at="2016-10-19T08:59:11Z">
          <exception class="java.lang.AssertionError">
            <message>
              <![CDATA[expected [ssssssss] but found [eeeeeeeee]]]>
            </message>
            <full-stacktrace>
              <![CDATA[java.lang.AssertionError: expected [ssssssss] but found [eeeeeeeee]
	at org.testng.Assert.fail(Assert.java:94)
	at org.testng.Assert.failNotEquals(Assert.java:513)
	at org.testng.Assert.assertEqualsImpl(Assert.java:135)
	at org.testng.Assert.assertEquals(Assert.java:116)
	at org.testng.Assert.assertEquals(Assert.java:190)
	at org.testng.Assert.assertEquals(Assert.java:200)
	at com.test.first_maven.page.ResultPage.checkKeyword(ResultPage.java:30)
	at com.test.first_maven.test.BaiduTest2.searchTest2(BaiduTest2.java:42)
	at sun.reflect.NativeMethodAccessorImpl.invoke0(Native Method)
	at sun.reflect.NativeMethodAccessorImpl.invoke(Unknown Source)
	at sun.reflect.DelegatingMethodAccessorImpl.invoke(Unknown Source)
	at java.lang.reflect.Method.invoke(Unknown Source)
	at org.testng.internal.MethodInvocationHelper.invokeMethod(MethodInvocationHelper.java:86)
	at org.testng.internal.Invoker.invokeMethod(Invoker.java:643)
	at org.testng.internal.Invoker.retryFailed(Invoker.java:967)
	at org.testng.internal.Invoker.invokeTestMethods(Invoker.java:1146)
	at org.testng.internal.TestMethodWorker.invokeTestMethods(TestMethodWorker.java:129)
	at org.testng.internal.TestMethodWorker.run(TestMethodWorker.java:112)
	at java.util.concurrent.ThreadPoolExecutor.runWorker(Unknown Source)
	at java.util.concurrent.ThreadPoolExecutor$Worker.run(Unknown Source)
	at java.lang.Thread.run(Unknown Source)
]]>
            </full-stacktrace>
          </exception> <!-- java.lang.AssertionError -->
          <reporter-output>
          </reporter-output>
        </test-method> <!-- searchTest2 -->
      </class> <!-- com.test.first_maven.test.BaiduTest2 -->
      <class name="com.test.first_maven.test.BaiduTest">
        <test-method status="PASS" signature="beforeTest()[pri:0, instance:com.test.first_maven.test.BaiduTest@771a660]" name="beforeTest" is-config="true" duration-ms="3204" started-at="2016-10-19T08:59:01Z" finished-at="2016-10-19T08:59:04Z">
          <reporter-output>
          </reporter-output>
        </test-method> <!-- beforeTest -->
        <test-method status="PASS" signature="beforeTest()[pri:0, instance:com.test.first_maven.test.BaiduTest2@2d52216b]" name="beforeTest" is-config="true" duration-ms="2622" started-at="2016-10-19T08:59:04Z" finished-at="2016-10-19T08:59:07Z">
          <reporter-output>
          </reporter-output>
        </test-method> <!-- beforeTest -->
        <test-method status="PASS" signature="searchTest()[pri:0, instance:com.test.first_maven.test.BaiduTest@771a660]" name="searchTest" duration-ms="125" started-at="2016-10-19T08:59:07Z" finished-at="2016-10-19T08:59:07Z">
          <reporter-output>
          </reporter-output>
        </test-method> <!-- searchTest -->
        <test-method status="PASS" signature="afterTest()[pri:0, instance:com.test.first_maven.test.BaiduTest@771a660]" name="afterTest" is-config="true" duration-ms="1256" started-at="2016-10-19T08:59:11Z" finished-at="2016-10-19T08:59:12Z">
          <reporter-output>
          </reporter-output>
        </test-method> <!-- afterTest -->
        <test-method status="PASS" signature="afterTest()[pri:0, instance:com.test.first_maven.test.BaiduTest2@2d52216b]" name="afterTest" is-config="true" duration-ms="740" started-at="2016-10-19T08:59:12Z" finished-at="2016-10-19T08:59:13Z">
          <reporter-output>
          </reporter-output>
        </test-method> <!-- afterTest -->
        <test-method status="PASS" signature="afterSuite()[pri:0, instance:com.test.first_maven.test.BaiduTest@771a660]" name="afterSuite" is-config="true" duration-ms="0" started-at="2016-10-19T08:59:13Z" finished-at="2016-10-19T08:59:13Z">
          <reporter-output>
          </reporter-output>
        </test-method> <!-- afterSuite -->
        <test-method status="PASS" signature="afterSuite()[pri:0, instance:com.test.first_maven.test.BaiduTest2@2d52216b]" name="afterSuite" is-config="true" duration-ms="0" started-at="2016-10-19T08:59:13Z" finished-at="2016-10-19T08:59:13Z">
          <reporter-output>
          </reporter-output>
        </test-method> <!-- afterSuite -->
      </class> <!-- com.test.first_maven.test.BaiduTest -->
    </test> <!-- test1 -->
  </suite> <!-- Suite1 -->
</testng-results>
