<?xml version="1.0" encoding="UTF-8"?>
<!-- Generated by org.testng.reporters.JUnitReportReporter -->
<testsuite hostname="jtl-ds-ycy" name="com.test.first_maven.test.BaiduTest2" tests="2" failures="1" timestamp="19 Oct 2016 00:59:13 GMT" time="0.300" errors="0">
  <testcase name="searchTest2" time="0.176" classname="com.test.first_maven.test.BaiduTest2">
    <failure type="java.lang.AssertionError" message="expected [ssssssss] but found [eeeeeeeee]">
      <![CDATA[java.lang.AssertionError: expected [ssssssss] but found [eeeeeeeee]
	at org.testng.Assert.fail(Assert.java:94)
	at org.testng.Assert.failNotEquals(Assert.java:513)
	at org.testng.Assert.assertEqualsImpl(Assert.java:135)
	at org.testng.Assert.assertEquals(Assert.java:116)
	at org.testng.Assert.assertEquals(Assert.java:190)
	at org.testng.Assert.assertEquals(Assert.java:200)
	at com.test.first_maven.page.ResultPage.checkKeyword(ResultPage.java:30)
	at com.test.first_maven.test.BaiduTest2.searchTest2(BaiduTest2.java:42)
	at sun.reflect.NativeMethodAccessorImpl.invoke0(Native Method)
	at sun.reflect.NativeMethodAccessorImpl.invoke(Unknown Source)
	at sun.reflect.DelegatingMethodAccessorImpl.invoke(Unknown Source)
	at java.lang.reflect.Method.invoke(Unknown Source)
	at org.testng.internal.MethodInvocationHelper.invokeMethod(MethodInvocationHelper.java:86)
	at org.testng.internal.Invoker.invokeMethod(Invoker.java:643)
	at org.testng.internal.Invoker.retryFailed(Invoker.java:967)
	at org.testng.internal.Invoker.invokeTestMethods(Invoker.java:1146)
	at org.testng.internal.TestMethodWorker.invokeTestMethods(TestMethodWorker.java:129)
	at org.testng.internal.TestMethodWorker.run(TestMethodWorker.java:112)
	at java.util.concurrent.ThreadPoolExecutor.runWorker(Unknown Source)
	at java.util.concurrent.ThreadPoolExecutor$Worker.run(Unknown Source)
	at java.lang.Thread.run(Unknown Source)
]]>
    </failure>
  </testcase> <!-- searchTest2 -->
  <testcase name="searchTest" time="0.124" classname="com.test.first_maven.test.BaiduTest2"/>
</testsuite> <!-- com.test.first_maven.test.BaiduTest2 -->
